<?xml version="1.0" encoding="UTF-8"?>
<!-- Generated by org.testng.reporters.JUnitReportReporter -->
<testsuite name="autoFramework.TestTwitch" tests="1" time="4.515" ignored="0" failures="0" timestamp="14 Oct 2019 18:55:22 GMT" skipped="0" hostname="MOBILE-BASE" errors="0">
  <testcase name="testUrl" time="4.515" classname="autoFramework.TestTwitch"/>
</testsuite> <!-- autoFramework.TestTwitch -->
